                                                             QUERY PLAN                                                              
-------------------------------------------------------------------------------------------------------------------------------------
 Bitmap Heap Scan on obj_clevrer  (cost=3061.29..68209.37 rows=163207 width=62) (actual time=6.660..26.415 rows=165266 loops=1)
   Recheck Cond: (vid < 300)
   Heap Blocks: exact=2204
   ->  Bitmap Index Scan on idx_obj_clevrer  (cost=0.00..3020.48 rows=163207 width=0) (actual time=6.459..6.459 rows=165266 loops=1)
         Index Cond: (vid < 300)
 Planning Time: 0.360 ms
 Execution Time: 70.974 ms
(7 rows)

CREATE INDEX
                                                                                                        QUERY PLAN                                                                                                        
--------------------------------------------------------------------------------------------------------------------------------------------------------------------------------------------------------------------------
 Merge Join  (cost=0.84..40156.62 rows=226469 width=16) (actual time=0.054..208.112 rows=296921 loops=1)
   Merge Cond: ((o0.vid = o1.vid) AND (o0.fid = o1.fid))
   Join Filter: (leftof((o0.shape)::text, (o0.color)::text, (o0.material)::text, o0.x1, o0.y1, o0.x2, o0.y2, (o1.shape)::text, (o1.color)::text, (o1.material)::text, o1.x1, o1.y1, o1.x2, o1.y2) AND (o0.oid <> o1.oid))
   Rows Removed by Join Filter: 463145
   ->  Index Scan using idx_obj_filtered on obj_filtered o0  (cost=0.42..11983.41 rows=165266 width=140) (actual time=0.040..15.046 rows=165266 loops=1)
   ->  Materialize  (cost=0.42..12396.58 rows=165266 width=140) (actual time=0.004..52.515 rows=760061 loops=1)
         ->  Index Scan using idx_obj_filtered on obj_filtered o1  (cost=0.42..11983.41 rows=165266 width=140) (actual time=0.003..17.822 rows=165266 loops=1)
 Planning Time: 0.204 ms
 Execution Time: 279.337 ms
(9 rows)

CREATE INDEX
