                                                             QUERY PLAN                                                              
-------------------------------------------------------------------------------------------------------------------------------------
 Bitmap Heap Scan on obj_clevrer  (cost=3061.29..68209.37 rows=163207 width=62) (actual time=7.157..51.934 rows=165266 loops=1)
   Recheck Cond: (vid < 300)
   Heap Blocks: exact=2204
   ->  Bitmap Index Scan on idx_obj_clevrer  (cost=0.00..3020.48 rows=163207 width=0) (actual time=6.933..6.933 rows=165266 loops=1)
         Index Cond: (vid < 300)
 Planning Time: 0.495 ms
 Execution Time: 197.872 ms
(7 rows)

CREATE INDEX
                                                                                                                      QUERY PLAN                                                                                                                      
------------------------------------------------------------------------------------------------------------------------------------------------------------------------------------------------------------------------------------------------------
 Merge Join  (cost=14021.86..29597.04 rows=34309 width=20) (actual time=80.552..146.328 rows=49722 loops=1)
   Merge Cond: ((o0.vid = o2.vid) AND (o0.fid = o2.fid))
   Join Filter: ((o0.oid <> o2.oid) AND (o1.oid <> o2.oid))
   Rows Removed by Join Filter: 34988
   ->  Merge Join  (cost=5698.92..20215.30 rows=25163 width=24) (actual time=29.968..73.654 rows=33429 loops=1)
         Merge Cond: ((o1.vid = o0.vid) AND (o1.fid = o0.fid))
         Join Filter: (far('0.9'::double precision, (o0.shape)::text, (o0.color)::text, (o0.material)::text, o0.x1, o0.y1, o0.x2, o0.y2, (o1.shape)::text, (o1.color)::text, (o1.material)::text, o1.x1, o1.y1, o1.x2, o1.y2) AND (o0.oid <> o1.oid))
         Rows Removed by Join Filter: 10807
         ->  Index Scan using idx_obj_filtered on obj_filtered o1  (cost=0.42..11983.41 rows=165266 width=140) (actual time=0.042..19.745 rows=163321 loops=1)
         ->  Sort  (cost=5698.50..5744.41 rows=18363 width=140) (actual time=29.235..31.123 rows=44233 loops=1)
               Sort Key: o0.vid, o0.fid
               Sort Method: quicksort  Memory: 1736kB
               ->  Seq Scan on obj_filtered o0  (cost=0.00..4397.99 rows=18363 width=140) (actual time=0.013..25.495 rows=9614 loops=1)
                     Filter: (brown((shape)::text, (color)::text, (material)::text, x1, y1, x2, y2) AND metal((shape)::text, (color)::text, (material)::text, x1, y1, x2, y2))
                     Rows Removed by Filter: 155652
   ->  Sort  (cost=8322.94..8460.66 rows=55089 width=12) (actual time=50.376..55.586 rows=145715 loops=1)
         Sort Key: o2.vid, o2.fid
         Sort Method: quicksort  Memory: 6933kB
         ->  Seq Scan on obj_filtered o2  (cost=0.00..3984.83 rows=55089 width=12) (actual time=0.020..25.011 rows=82347 loops=1)
               Filter: leftquadrant((shape)::text, (color)::text, (material)::text, x1, y1, x2, y2)
               Rows Removed by Filter: 82919
 Planning Time: 0.417 ms
 Execution Time: 163.000 ms
(23 rows)

CREATE INDEX
                                                                        QUERY PLAN                                                                        
----------------------------------------------------------------------------------------------------------------------------------------------------------
 Unique  (cost=697662.58..697666.93 rows=243 width=24) (actual time=106.179..114.456 rows=49643 loops=1)
   CTE g0_seq
     ->  Recursive Union  (cost=0.00..696285.04 rows=49732 width=24) (actual time=0.015..75.500 rows=49643 loops=1)
           ->  Seq Scan on g0  (cost=0.00..814.22 rows=49722 width=24) (actual time=0.013..5.147 rows=49722 loops=1)
           ->  Merge Join  (cost=56990.59..69447.62 rows=1 width=24) (actual time=53.017..53.019 rows=0 loops=1)
                 Merge Cond: ((g.vid = s.vid) AND (g.fid = ((s.fid2 + 1))) AND (g.o0_oid = s.o0_oid) AND (g.o1_oid = s.o1_oid) AND (g.o2_oid = s.o2_oid))
                 Join Filter: (((g.fid - s.fid1) + 1) <= 1)
                 Rows Removed by Join Filter: 48440
                 ->  Index Only Scan using idx_g0 on g0 g  (cost=0.41..3010.24 rows=49722 width=20) (actual time=0.057..8.719 rows=49722 loops=1)
                       Heap Fetches: 49722
                 ->  Sort  (cost=56990.18..58233.23 rows=497220 width=24) (actual time=27.261..29.064 rows=49699 loops=1)
                       Sort Key: s.vid, ((s.fid2 + 1)), s.o0_oid, s.o1_oid, s.o2_oid
                       Sort Method: quicksort  Memory: 5415kB
                       ->  WorkTable Scan on g0_seq s  (cost=0.00..9944.40 rows=497220 width=24) (actual time=0.014..4.021 rows=49643 loops=1)
   ->  Sort  (cost=1377.54..1378.16 rows=249 width=24) (actual time=106.177..108.266 rows=49643 loops=1)
         Sort Key: g0_seq.vid, g0_seq.fid1, g0_seq.fid2, g0_seq.o0_oid, g0_seq.o1_oid, g0_seq.o2_oid
         Sort Method: quicksort  Memory: 5415kB
         ->  CTE Scan on g0_seq  (cost=0.00..1367.63 rows=249 width=24) (actual time=0.018..87.952 rows=49643 loops=1)
               Filter: (((fid2 - fid1) + 1) = 1)
 Planning Time: 0.338 ms
 Execution Time: 128.767 ms
(21 rows)

CREATE INDEX
                                                                                                              QUERY PLAN                                                                                                               
---------------------------------------------------------------------------------------------------------------------------------------------------------------------------------------------------------------------------------------
 Merge Join  (cost=8323.78..55910.46 rows=308787 width=20) (actual time=57.266..513.437 rows=427513 loops=1)
   Merge Cond: ((o0.vid = o1.vid) AND (o0.fid = o1.fid))
   Join Filter: ((o0.oid <> o1.oid) AND (o0.oid <> o2.oid))
   Rows Removed by Join Filter: 297072
   ->  Sort  (cost=8322.94..8460.66 rows=55089 width=12) (actual time=57.219..61.626 rows=83139 loops=1)
         Sort Key: o0.vid, o0.fid
         Sort Method: quicksort  Memory: 6970kB
         ->  Seq Scan on obj_filtered o0  (cost=0.00..3984.83 rows=55089 width=12) (actual time=0.016..27.477 rows=83139 loops=1)
               Filter: rightquadrant((shape)::text, (color)::text, (material)::text, x1, y1, x2, y2)
               Rows Removed by Filter: 82127
   ->  Materialize  (cost=0.84..40722.79 rows=226469 width=24) (actual time=0.040..345.665 rows=741327 loops=1)
         ->  Merge Join  (cost=0.84..40156.62 rows=226469 width=24) (actual time=0.036..276.021 rows=296921 loops=1)
               Merge Cond: ((o1.vid = o2.vid) AND (o1.fid = o2.fid))
               Join Filter: (rightof((o1.shape)::text, (o1.color)::text, (o1.material)::text, o1.x1, o1.y1, o1.x2, o1.y2, (o2.shape)::text, (o2.color)::text, (o2.material)::text, o2.x1, o2.y1, o2.x2, o2.y2) AND (o1.oid <> o2.oid))
               Rows Removed by Join Filter: 463145
               ->  Index Scan using idx_obj_filtered on obj_filtered o1  (cost=0.42..11983.41 rows=165266 width=140) (actual time=0.019..16.445 rows=165266 loops=1)
               ->  Materialize  (cost=0.42..12396.58 rows=165266 width=140) (actual time=0.006..87.843 rows=760061 loops=1)
                     ->  Index Scan using idx_obj_filtered on obj_filtered o2  (cost=0.42..11983.41 rows=165266 width=140) (actual time=0.005..20.405 rows=165266 loops=1)
 Planning Time: 0.239 ms
 Execution Time: 631.662 ms
(20 rows)

CREATE INDEX
                                                                        QUERY PLAN                                                                        
----------------------------------------------------------------------------------------------------------------------------------------------------------
 Unique  (cost=6661147.31..6661184.72 rows=2091 width=24) (actual time=915.472..982.429 rows=427123 loops=1)
   CTE g1_seq
     ->  Recursive Union  (cost=0.00..6649271.90 rows=427533 width=24) (actual time=0.016..627.555 rows=427123 loops=1)
           ->  Seq Scan on g1  (cost=0.00..6999.13 rows=427513 width=24) (actual time=0.014..42.459 rows=427513 loops=1)
           ->  Merge Join  (cost=556355.94..663372.21 rows=2 width=24) (actual time=420.240..420.241 rows=0 loops=1)
                 Merge Cond: ((g.vid = s.vid) AND (g.fid = ((s.fid2 + 1))) AND (g.o0_oid = s.o0_oid) AND (g.o1_oid = s.o1_oid) AND (g.o2_oid = s.o2_oid))
                 Join Filter: (((g.fid - s.fid1) + 1) <= 1)
                 Rows Removed by Join Filter: 416939
                 ->  Index Only Scan using idx_g1 on g1 g  (cost=0.42..25789.12 rows=427513 width=20) (actual time=0.064..70.355 rows=427513 loops=1)
                       Heap Fetches: 427513
                 ->  Sort  (cost=556355.52..567043.34 rows=4275130 width=24) (actual time=213.963..229.842 rows=427396 loops=1)
                       Sort Key: s.vid, ((s.fid2 + 1)), s.o0_oid, s.o1_oid, s.o2_oid
                       Sort Method: quicksort  Memory: 45657kB
                       ->  WorkTable Scan on g1_seq s  (cost=0.00..85502.60 rows=4275130 width=24) (actual time=0.009..36.967 rows=427123 loops=1)
   ->  Sort  (cost=11875.41..11880.76 rows=2138 width=24) (actual time=915.469..931.245 rows=427123 loops=1)
         Sort Key: g1_seq.vid, g1_seq.fid1, g1_seq.fid2, g1_seq.o0_oid, g1_seq.o1_oid, g1_seq.o2_oid
         Sort Method: quicksort  Memory: 45657kB
         ->  CTE Scan on g1_seq  (cost=0.00..11757.16 rows=2138 width=24) (actual time=0.019..735.795 rows=427123 loops=1)
               Filter: (((fid2 - fid1) + 1) = 1)
 Planning Time: 0.276 ms
 Execution Time: 1084.447 ms
(21 rows)

CREATE INDEX
                                                                                                        QUERY PLAN                                                                                                        
--------------------------------------------------------------------------------------------------------------------------------------------------------------------------------------------------------------------------
 Merge Join  (cost=0.84..40156.62 rows=226469 width=16) (actual time=0.033..247.506 rows=296921 loops=1)
   Merge Cond: ((o0.vid = o2.vid) AND (o0.fid = o2.fid))
   Join Filter: (leftof((o0.shape)::text, (o0.color)::text, (o0.material)::text, o0.x1, o0.y1, o0.x2, o0.y2, (o2.shape)::text, (o2.color)::text, (o2.material)::text, o2.x1, o2.y1, o2.x2, o2.y2) AND (o0.oid <> o2.oid))
   Rows Removed by Join Filter: 463145
   ->  Index Scan using idx_obj_filtered on obj_filtered o0  (cost=0.42..11983.41 rows=165266 width=140) (actual time=0.014..16.113 rows=165266 loops=1)
   ->  Materialize  (cost=0.42..12396.58 rows=165266 width=140) (actual time=0.006..57.297 rows=760061 loops=1)
         ->  Index Scan using idx_obj_filtered on obj_filtered o2  (cost=0.42..11983.41 rows=165266 width=140) (actual time=0.004..18.659 rows=165266 loops=1)
 Planning Time: 0.117 ms
 Execution Time: 372.465 ms
(9 rows)

CREATE INDEX
                                                                      QUERY PLAN                                                                      
------------------------------------------------------------------------------------------------------------------------------------------------------
 Unique  (cost=4442006.92..4442029.33 rows=1461 width=20) (actual time=575.099..620.582 rows=296690 loops=1)
   CTE g2_seq
     ->  Recursive Union  (cost=0.00..4433712.22 rows=298761 width=20) (actual time=0.014..400.046 rows=296690 loops=1)
           ->  Seq Scan on g2  (cost=0.00..4574.21 rows=296921 width=20) (actual time=0.012..27.531 rows=296921 loops=1)
           ->  Merge Join  (cost=378599.16..442316.28 rows=184 width=20) (actual time=267.663..267.664 rows=0 loops=1)
                 Merge Cond: ((g.vid = s.vid) AND (g.fid = ((s.fid2 + 1))) AND (g.o0_oid = s.o0_oid) AND (g.o2_oid = s.o2_oid))
                 Join Filter: (((g.fid - s.fid1) + 1) <= 1)
                 Rows Removed by Join Filter: 291472
                 ->  Index Only Scan using idx_g2 on g2 g  (cost=0.42..15458.24 rows=296921 width=16) (actual time=0.085..45.391 rows=296921 loops=1)
                       Heap Fetches: 296921
                 ->  Sort  (cost=378598.74..386021.76 rows=2969210 width=20) (actual time=135.633..145.895 rows=296865 loops=1)
                       Sort Key: s.vid, ((s.fid2 + 1)), s.o0_oid, s.o2_oid
                       Sort Method: quicksort  Memory: 35467kB
                       ->  WorkTable Scan on g2_seq s  (cost=0.00..59384.20 rows=2969210 width=20) (actual time=0.010..22.946 rows=296690 loops=1)
   ->  Sort  (cost=8294.70..8298.43 rows=1494 width=20) (actual time=575.097..585.426 rows=296690 loops=1)
         Sort Key: g2_seq.vid, g2_seq.fid1, g2_seq.fid2, g2_seq.o0_oid, g2_seq.o2_oid
         Sort Method: quicksort  Memory: 35467kB
         ->  CTE Scan on g2_seq  (cost=0.00..8215.93 rows=1494 width=20) (actual time=0.016..470.944 rows=296690 loops=1)
               Filter: (((fid2 - fid1) + 1) = 1)
 Planning Time: 0.242 ms
 Execution Time: 720.004 ms
(21 rows)

CREATE INDEX
                                                                     QUERY PLAN                                                                      
-----------------------------------------------------------------------------------------------------------------------------------------------------
 Unique  (cost=57582.68..57582.74 rows=4 width=20) (actual time=574.562..574.624 rows=352 loops=1)
   ->  Sort  (cost=57582.68..57582.69 rows=4 width=20) (actual time=574.561..574.577 rows=352 loops=1)
         Sort Key: t0.vid, (min(t1.fid2)), t0.o0_oid, t0.o1_oid, t0.o2_oid
         Sort Method: quicksort  Memory: 52kB
         ->  GroupAggregate  (cost=51622.81..57582.64 rows=4 width=20) (actual time=184.972..574.442 rows=352 loops=1)
               Group Key: t0.vid, t0.o0_oid, t0.o1_oid, t0.o2_oid
               ->  Merge Join  (cost=51622.81..57582.55 rows=4 width=20) (actual time=183.577..507.082 rows=749521 loops=1)
                     Merge Cond: ((t0.vid = t1.vid) AND (t0.o0_oid = t1.o0_oid) AND (t0.o1_oid = t1.o1_oid) AND (t0.o2_oid = t1.o2_oid))
                     Join Filter: (t0.fid2 < t1.fid1)
                     Rows Removed by Join Filter: 830570
                     ->  Sort  (cost=4685.41..4809.52 rows=49643 width=20) (actual time=20.139..22.491 rows=49643 loops=1)
                           Sort Key: t0.vid, t0.o0_oid, t0.o1_oid, t0.o2_oid
                           Sort Method: quicksort  Memory: 5415kB
                           ->  Seq Scan on g0_seq_view t0  (cost=0.00..813.43 rows=49643 width=20) (actual time=0.022..4.646 rows=49643 loops=1)
                     ->  Sort  (cost=46937.40..48005.20 rows=427123 width=24) (actual time=162.274..227.953 rows=1982667 loops=1)
                           Sort Key: t1.vid, t1.o0_oid, t1.o1_oid, t1.o2_oid
                           Sort Method: quicksort  Memory: 45657kB
                           ->  Seq Scan on g1_seq_view t1  (cost=0.00..6992.23 rows=427123 width=24) (actual time=0.039..42.210 rows=427123 loops=1)
 Planning Time: 0.346 ms
 Execution Time: 592.601 ms
(20 rows)

CREATE INDEX
                                                                              QUERY PLAN                                                                               
-----------------------------------------------------------------------------------------------------------------------------------------------------------------------
 Unique  (cost=7174.78..7174.84 rows=4 width=20) (actual time=10.056..10.065 rows=36 loops=1)
   ->  Sort  (cost=7174.78..7174.79 rows=4 width=20) (actual time=10.055..10.057 rows=36 loops=1)
         Sort Key: t0.vid, (min(t1.fid2)), t0.o0_oid, t0.o1_oid, t0.o2_oid
         Sort Method: quicksort  Memory: 27kB
         ->  GroupAggregate  (cost=7174.64..7174.74 rows=4 width=20) (actual time=9.840..10.046 rows=36 loops=1)
               Group Key: t0.vid, t0.o0_oid, t0.o1_oid, t0.o2_oid
               ->  Sort  (cost=7174.64..7174.65 rows=4 width=20) (actual time=9.831..9.880 rows=1541 loops=1)
                     Sort Key: t0.vid, t0.o0_oid, t0.o1_oid, t0.o2_oid
                     Sort Method: quicksort  Memory: 169kB
                     ->  Nested Loop  (cost=0.42..7174.60 rows=4 width=20) (actual time=1.082..9.531 rows=1541 loops=1)
                           ->  Seq Scan on q0 t0  (cost=0.00..6.52 rows=352 width=20) (actual time=0.009..0.032 rows=352 loops=1)
                           ->  Index Only Scan using idx_g2_seq_view on g2_seq_view t1  (cost=0.42..20.35 rows=1 width=20) (actual time=0.024..0.026 rows=4 loops=352)
                                 Index Cond: ((vid = t0.vid) AND (fid1 > t0.fid) AND (o0_oid = t0.o0_oid) AND (o2_oid = t0.o2_oid))
                                 Heap Fetches: 1541
 Planning Time: 0.276 ms
 Execution Time: 10.784 ms
(16 rows)

CREATE INDEX
 count 
-------
    12
(1 row)

