                                                             QUERY PLAN                                                              
-------------------------------------------------------------------------------------------------------------------------------------
 Bitmap Heap Scan on obj_clevrer  (cost=3061.29..68209.37 rows=163207 width=62) (actual time=7.702..31.428 rows=165266 loops=1)
   Recheck Cond: (vid < 300)
   Heap Blocks: exact=2204
   ->  Bitmap Index Scan on idx_obj_clevrer  (cost=0.00..3020.48 rows=163207 width=0) (actual time=7.458..7.459 rows=165266 loops=1)
         Index Cond: (vid < 300)
 Planning Time: 0.471 ms
 Execution Time: 87.147 ms
(7 rows)

CREATE INDEX
                                                                                                           QUERY PLAN                                                                                                           
--------------------------------------------------------------------------------------------------------------------------------------------------------------------------------------------------------------------------------
 Merge Join  (cost=16646.30..37293.51 rows=102930 width=20) (actual time=61.333..127.583 rows=19419 loops=1)
   Merge Cond: ((o1.vid = o0.vid) AND (o1.fid = o0.fid))
   Join Filter: ((o0.oid <> o2.oid) AND (o0.oid <> o1.oid))
   Rows Removed by Join Filter: 7079
   ->  Merge Join  (cost=8323.36..26253.86 rows=75490 width=24) (actual time=32.392..88.714 rows=41888 loops=1)
         Merge Cond: ((o2.vid = o1.vid) AND (o2.fid = o1.fid))
         Join Filter: (leftof((o1.shape)::text, (o1.color)::text, (o1.material)::text, o1.x1, o1.y1, o1.x2, o1.y2, (o2.shape)::text, (o2.color)::text, (o2.material)::text, o2.x1, o2.y1, o2.x2, o2.y2) AND (o1.oid <> o2.oid))
         Rows Removed by Join Filter: 60703
         ->  Index Scan using idx_obj_filtered on obj_filtered o2  (cost=0.42..11983.41 rows=165266 width=140) (actual time=0.036..19.140 rows=164618 loops=1)
         ->  Sort  (cost=8322.94..8460.66 rows=55089 width=140) (actual time=32.342..35.988 rows=102588 loops=1)
               Sort Key: o1.vid, o1.fid
               Sort Method: quicksort  Memory: 3861kB
               ->  Seq Scan on obj_filtered o1  (cost=0.00..3984.83 rows=55089 width=140) (actual time=0.097..24.368 rows=21989 loops=1)
                     Filter: gray((shape)::text, (color)::text, (material)::text, x1, y1, x2, y2)
                     Rows Removed by Filter: 143277
   ->  Sort  (cost=8322.94..8460.66 rows=55089 width=12) (actual time=28.905..32.141 rows=38792 loops=1)
         Sort Key: o0.vid, o0.fid
         Sort Method: quicksort  Memory: 1753kB
         ->  Seq Scan on obj_filtered o0  (cost=0.00..3984.83 rows=55089 width=12) (actual time=0.128..22.860 rows=21005 loops=1)
               Filter: cyan((shape)::text, (color)::text, (material)::text, x1, y1, x2, y2)
               Rows Removed by Filter: 144261
 Planning Time: 0.384 ms
 Execution Time: 133.862 ms
(23 rows)

CREATE INDEX
                                                                        QUERY PLAN                                                                        
----------------------------------------------------------------------------------------------------------------------------------------------------------
 Unique  (cost=259342.12..259343.81 rows=95 width=24) (actual time=34.707..37.682 rows=19404 loops=1)
   CTE g0_seq
     ->  Recursive Union  (cost=0.00..258804.62 rows=19429 width=24) (actual time=0.013..24.583 rows=19404 loops=1)
           ->  Seq Scan on g0  (cost=0.00..318.19 rows=19419 width=24) (actual time=0.012..1.933 rows=19419 loops=1)
           ->  Merge Join  (cost=20940.87..25809.78 rows=1 width=24) (actual time=17.561..17.563 rows=0 loops=1)
                 Merge Cond: ((g.vid = s.vid) AND (g.fid = ((s.fid2 + 1))) AND (g.o0_oid = s.o0_oid) AND (g.o1_oid = s.o1_oid) AND (g.o2_oid = s.o2_oid))
                 Join Filter: (((g.fid - s.fid1) + 1) <= 1)
                 Rows Removed by Join Filter: 19046
                 ->  Index Only Scan using idx_g0 on g0 g  (cost=0.29..1179.57 rows=19419 width=20) (actual time=0.040..3.569 rows=19419 loops=1)
                       Heap Fetches: 19419
                 ->  Sort  (cost=20940.58..21426.06 rows=194190 width=24) (actual time=7.935..8.615 rows=19419 loops=1)
                       Sort Key: s.vid, ((s.fid2 + 1)), s.o0_oid, s.o1_oid, s.o2_oid
                       Sort Method: quicksort  Memory: 2284kB
                       ->  WorkTable Scan on g0_seq s  (cost=0.00..3883.80 rows=194190 width=24) (actual time=0.006..1.595 rows=19404 loops=1)
   ->  Sort  (cost=537.50..537.74 rows=97 width=24) (actual time=34.706..35.382 rows=19404 loops=1)
         Sort Key: g0_seq.vid, g0_seq.fid1, g0_seq.fid2, g0_seq.o0_oid, g0_seq.o1_oid, g0_seq.o2_oid
         Sort Method: quicksort  Memory: 2284kB
         ->  CTE Scan on g0_seq  (cost=0.00..534.30 rows=97 width=24) (actual time=0.016..28.968 rows=19404 loops=1)
               Filter: (((fid2 - fid1) + 1) = 1)
 Planning Time: 0.267 ms
 Execution Time: 42.966 ms
(21 rows)

CREATE INDEX
                                                                                                                   QUERY PLAN                                                                                                                   
------------------------------------------------------------------------------------------------------------------------------------------------------------------------------------------------------------------------------------------------
 Merge Join  (cost=8323.36..26253.86 rows=75490 width=16) (actual time=44.260..183.380 rows=284530 loops=1)
   Merge Cond: ((o0.vid = o1.vid) AND (o0.fid = o1.fid))
   Join Filter: (far('0.9'::double precision, (o0.shape)::text, (o0.color)::text, (o0.material)::text, o0.x1, o0.y1, o0.x2, o0.y2, (o1.shape)::text, (o1.color)::text, (o1.material)::text, o1.x1, o1.y1, o1.x2, o1.y2) AND (o0.oid <> o1.oid))
   Rows Removed by Join Filter: 96083
   ->  Index Scan using idx_obj_filtered on obj_filtered o0  (cost=0.42..11983.41 rows=165266 width=140) (actual time=0.009..23.113 rows=165266 loops=1)
   ->  Sort  (cost=8322.94..8460.66 rows=55089 width=140) (actual time=44.231..57.391 rows=380608 loops=1)
         Sort Key: o1.vid, o1.fid
         Sort Method: quicksort  Memory: 14653kB
         ->  Seq Scan on obj_filtered o1  (cost=0.00..3984.83 rows=55089 width=140) (actual time=0.010..20.032 rows=82347 loops=1)
               Filter: leftquadrant((shape)::text, (color)::text, (material)::text, x1, y1, x2, y2)
               Rows Removed by Filter: 82919
 Planning Time: 0.125 ms
 Execution Time: 258.460 ms
(13 rows)

CREATE INDEX
                                                                      QUERY PLAN                                                                      
------------------------------------------------------------------------------------------------------------------------------------------------------
 Unique  (cost=4247910.13..4247931.59 rows=1399 width=20) (actual time=582.793..626.591 rows=284285 loops=1)
   CTE g1_seq
     ->  Recursive Union  (cost=0.00..4239964.07 rows=286220 width=20) (actual time=0.017..400.999 rows=284285 loops=1)
           ->  Seq Scan on g1  (cost=0.00..4383.30 rows=284530 width=20) (actual time=0.014..27.051 rows=284530 loops=1)
           ->  Merge Join  (cost=361924.71..422985.64 rows=169 width=20) (actual time=253.290..253.291 rows=0 loops=1)
                 Merge Cond: ((g.vid = s.vid) AND (g.fid = ((s.fid2 + 1))) AND (g.o0_oid = s.o0_oid) AND (g.o1_oid = s.o1_oid))
                 Join Filter: (((g.fid - s.fid1) + 1) <= 1)
                 Rows Removed by Join Filter: 278652
                 ->  Index Only Scan using idx_g1 on g1 g  (cost=0.42..14816.37 rows=284530 width=16) (actual time=0.083..42.711 rows=284530 loops=1)
                       Heap Fetches: 284530
                 ->  Sort  (cost=361924.28..369037.53 rows=2845300 width=20) (actual time=128.934..138.682 rows=284468 loops=1)
                       Sort Key: s.vid, ((s.fid2 + 1)), s.o0_oid, s.o1_oid
                       Sort Method: quicksort  Memory: 34498kB
                       ->  WorkTable Scan on g1_seq s  (cost=0.00..56906.00 rows=2845300 width=20) (actual time=0.008..21.636 rows=284285 loops=1)
   ->  Sort  (cost=7946.05..7949.63 rows=1431 width=20) (actual time=582.791..592.686 rows=284285 loops=1)
         Sort Key: g1_seq.vid, g1_seq.fid1, g1_seq.fid2, g1_seq.o0_oid, g1_seq.o1_oid
         Sort Method: quicksort  Memory: 34498kB
         ->  CTE Scan on g1_seq  (cost=0.00..7871.05 rows=1431 width=20) (actual time=0.019..474.287 rows=284285 loops=1)
               Filter: (((fid2 - fid1) + 1) = 1)
 Planning Time: 0.252 ms
 Execution Time: 695.659 ms
(21 rows)

CREATE INDEX
                                                                                                        QUERY PLAN                                                                                                        
--------------------------------------------------------------------------------------------------------------------------------------------------------------------------------------------------------------------------
 Merge Join  (cost=8323.36..26253.86 rows=75490 width=16) (actual time=27.728..95.142 rows=67834 loops=1)
   Merge Cond: ((o0.vid = o2.vid) AND (o0.fid = o2.fid))
   Join Filter: (leftof((o0.shape)::text, (o0.color)::text, (o0.material)::text, o0.x1, o0.y1, o0.x2, o0.y2, (o2.shape)::text, (o2.color)::text, (o2.material)::text, o2.x1, o2.y1, o2.x2, o2.y2) AND (o0.oid <> o2.oid))
   Rows Removed by Join Filter: 101063
   ->  Index Scan using idx_obj_filtered on obj_filtered o0  (cost=0.42..11983.41 rows=165266 width=140) (actual time=0.013..16.895 rows=165266 loops=1)
   ->  Sort  (cost=8322.94..8460.66 rows=55089 width=140) (actual time=27.690..33.359 rows=168892 loops=1)
         Sort Key: o2.vid, o2.fid
         Sort Method: quicksort  Memory: 6699kB
         ->  Seq Scan on obj_filtered o2  (cost=0.00..3984.83 rows=55089 width=140) (actual time=0.018..18.500 rows=36713 loops=1)
               Filter: bottomquadrant((shape)::text, (color)::text, (material)::text, x1, y1, x2, y2)
               Rows Removed by Filter: 128553
 Planning Time: 0.113 ms
 Execution Time: 112.225 ms
(13 rows)

CREATE INDEX
                                                                    QUERY PLAN                                                                     
---------------------------------------------------------------------------------------------------------------------------------------------------
 Unique  (cost=942637.32..942642.42 rows=332 width=20) (actual time=122.031..134.942 rows=67801 loops=1)
   CTE g2_seq
     ->  Recursive Union  (cost=0.00..940754.84 rows=67934 width=20) (actual time=0.014..84.949 rows=67801 loops=1)
           ->  Seq Scan on g2  (cost=0.00..1045.34 rows=67834 width=20) (actual time=0.012..6.340 rows=67834 loops=1)
           ->  Merge Join  (cost=79270.04..93835.08 rows=10 width=20) (actual time=56.617..56.618 rows=0 loops=1)
                 Merge Cond: ((g.vid = s.vid) AND (g.fid = ((s.fid2 + 1))) AND (g.o0_oid = s.o0_oid) AND (g.o2_oid = s.o2_oid))
                 Join Filter: (((g.fid - s.fid1) + 1) <= 1)
                 Rows Removed by Join Filter: 65915
                 ->  Index Only Scan using idx_g2 on g2 g  (cost=0.42..3541.93 rows=67834 width=16) (actual time=0.075..10.444 rows=67834 loops=1)
                       Heap Fetches: 67834
                 ->  Sort  (cost=79269.62..80965.47 rows=678340 width=20) (actual time=27.199..29.483 rows=67826 loops=1)
                       Sort Key: s.vid, ((s.fid2 + 1)), s.o0_oid, s.o2_oid
                       Sort Method: quicksort  Memory: 8369kB
                       ->  WorkTable Scan on g2_seq s  (cost=0.00..13566.80 rows=678340 width=20) (actual time=0.008..5.164 rows=67801 loops=1)
   ->  Sort  (cost=1882.48..1883.33 rows=340 width=20) (actual time=122.030..124.341 rows=67801 loops=1)
         Sort Key: g2_seq.vid, g2_seq.fid1, g2_seq.fid2, g2_seq.o0_oid, g2_seq.o2_oid
         Sort Method: quicksort  Memory: 8369kB
         ->  CTE Scan on g2_seq  (cost=0.00..1868.19 rows=340 width=20) (actual time=0.016..100.939 rows=67801 loops=1)
               Filter: (((fid2 - fid1) + 1) = 1)
 Planning Time: 0.271 ms
 Execution Time: 151.743 ms
(21 rows)

CREATE INDEX
                                                                        QUERY PLAN                                                                         
-----------------------------------------------------------------------------------------------------------------------------------------------------------
 Unique  (cost=35175.09..35178.54 rows=230 width=20) (actual time=894.933..894.985 rows=259 loops=1)
   ->  Sort  (cost=35175.09..35175.66 rows=230 width=20) (actual time=894.931..894.944 rows=259 loops=1)
         Sort Key: t0.vid, (min(t1.fid2)), t0.o0_oid, t0.o2_oid, t0.o1_oid
         Sort Method: quicksort  Memory: 45kB
         ->  GroupAggregate  (cost=35160.31..35166.06 rows=230 width=20) (actual time=798.469..894.842 rows=259 loops=1)
               Group Key: t0.vid, t0.o0_oid, t0.o2_oid, t0.o1_oid
               ->  Sort  (cost=35160.31..35160.89 rows=230 width=20) (actual time=797.501..824.119 rows=697491 loops=1)
                     Sort Key: t0.vid, t0.o0_oid, t0.o2_oid, t0.o1_oid
                     Sort Method: quicksort  Memory: 79068kB
                     ->  Merge Join  (cost=32105.78..35151.29 rows=230 width=20) (actual time=257.012..610.788 rows=697491 loops=1)
                           Merge Cond: ((t0.vid = t1.vid) AND (t0.o0_oid = t1.o0_oid) AND (t0.o1_oid = t1.o1_oid))
                           Join Filter: (t0.fid2 < t1.fid1)
                           Rows Removed by Join Filter: 778890
                           ->  Sort  (cost=1700.00..1748.51 rows=19404 width=20) (actual time=4.783..5.833 rows=19404 loops=1)
                                 Sort Key: t0.vid, t0.o0_oid, t0.o1_oid
                                 Sort Method: quicksort  Memory: 2284kB
                                 ->  Seq Scan on g0_seq_view t0  (cost=0.00..318.04 rows=19404 width=20) (actual time=0.018..1.872 rows=19404 loops=1)
                           ->  Sort  (cost=30405.78..31116.49 rows=284285 width=20) (actual time=252.051..328.025 rows=1754052 loops=1)
                                 Sort Key: t1.vid, t1.o0_oid, t1.o1_oid
                                 Sort Method: quicksort  Memory: 34498kB
                                 ->  Seq Scan on g1_seq_view t1  (cost=0.00..4653.85 rows=284285 width=20) (actual time=0.017..41.178 rows=284285 loops=1)
 Planning Time: 0.313 ms
 Execution Time: 905.927 ms
(23 rows)

CREATE INDEX
                                                                              QUERY PLAN                                                                              
----------------------------------------------------------------------------------------------------------------------------------------------------------------------
 Unique  (cost=2108.96..2108.97 rows=1 width=20) (actual time=2.796..2.807 rows=42 loops=1)
   ->  Sort  (cost=2108.96..2108.96 rows=1 width=20) (actual time=2.796..2.798 rows=42 loops=1)
         Sort Key: t0.vid, (min(t1.fid2)), t0.o0_oid, t0.o2_oid, t0.o1_oid
         Sort Method: quicksort  Memory: 28kB
         ->  GroupAggregate  (cost=2108.92..2108.95 rows=1 width=20) (actual time=2.559..2.787 rows=42 loops=1)
               Group Key: t0.vid, t0.o0_oid, t0.o2_oid, t0.o1_oid
               ->  Sort  (cost=2108.92..2108.92 rows=1 width=20) (actual time=2.537..2.594 rows=1785 loops=1)
                     Sort Key: t0.vid, t0.o0_oid, t0.o2_oid, t0.o1_oid
                     Sort Method: quicksort  Memory: 188kB
                     ->  Nested Loop  (cost=0.42..2108.91 rows=1 width=20) (actual time=0.052..2.236 rows=1785 loops=1)
                           ->  Seq Scan on q0 t0  (cost=0.00..4.59 rows=259 width=20) (actual time=0.008..0.023 rows=259 loops=1)
                           ->  Index Only Scan using idx_g2_seq_view on g2_seq_view t1  (cost=0.42..8.11 rows=1 width=20) (actual time=0.006..0.008 rows=7 loops=259)
                                 Index Cond: ((vid = t0.vid) AND (fid1 > t0.fid) AND (o0_oid = t0.o0_oid) AND (o2_oid = t0.o2_oid))
                                 Heap Fetches: 1785
 Planning Time: 0.252 ms
 Execution Time: 3.419 ms
(16 rows)

CREATE INDEX
 count 
-------
    25
(1 row)

